0 info it worked if it ends with ok
1 verbose cli [ 'node', '/usr/local/bin/npm', 'install', 'node-pathfinder' ]
2 info using npm@2.7.3
3 info using node@v0.12.1
4 verbose node symlink /usr/local/bin/node
5 silly cache add args [ 'node-pathfinder', null ]
6 verbose cache add spec node-pathfinder
7 silly cache add parsed spec { raw: 'node-pathfinder',
7 silly cache add   scope: null,
7 silly cache add   name: 'node-pathfinder',
7 silly cache add   rawSpec: '',
7 silly cache add   spec: '*',
7 silly cache add   type: 'range' }
8 verbose addNamed node-pathfinder@*
9 silly addNamed semver.valid null
10 silly addNamed semver.validRange *
11 silly addNameRange { name: 'node-pathfinder', range: '*', hasData: false }
12 silly mapToRegistry name node-pathfinder
13 silly mapToRegistry using default registry
14 silly mapToRegistry registry https://registry.npmjs.org/
15 silly mapToRegistry uri https://registry.npmjs.org/node-pathfinder
16 verbose addNameRange registry:https://registry.npmjs.org/node-pathfinder not in flight; fetching
17 verbose request uri https://registry.npmjs.org/node-pathfinder
18 verbose request no auth needed
19 info attempt registry request try #1 at 17:50:36
20 verbose request id bf4119433c25083b
21 http request GET https://registry.npmjs.org/node-pathfinder
22 http 200 https://registry.npmjs.org/node-pathfinder
23 silly get cb [ 200,
23 silly get   { date: 'Thu, 02 Apr 2015 21:50:37 GMT',
23 silly get     server: 'CouchDB/1.5.0 (Erlang OTP/R16B03)',
23 silly get     etag: '"38670B4967QAX59NVLB77HRGY"',
23 silly get     'content-type': 'application/json',
23 silly get     'cache-control': 'max-age=60',
23 silly get     'content-length': '7685',
23 silly get     'accept-ranges': 'bytes',
23 silly get     via: '1.1 varnish',
23 silly get     age: '0',
23 silly get     'x-served-by': 'cache-iad2123-IAD',
23 silly get     'x-cache': 'MISS',
23 silly get     'x-cache-hits': '0',
23 silly get     'x-timer': 'S1428011437.082486,VS0,VE17',
23 silly get     vary: 'Accept',
23 silly get     'keep-alive': 'timeout=10, max=50',
23 silly get     connection: 'Keep-Alive' } ]
24 verbose get saving node-pathfinder to /Users/benjamin/.npm/registry.npmjs.org/node-pathfinder/.cache.json
25 silly addNameRange number 2 { name: 'node-pathfinder', range: '*', hasData: true }
26 silly addNameRange versions [ 'node-pathfinder', [ '0.1.0', '0.1.1' ] ]
27 verbose addNamed node-pathfinder@0.1.1
28 silly addNamed semver.valid 0.1.1
29 silly addNamed semver.validRange 0.1.1
30 silly mapToRegistry name node-pathfinder
31 silly mapToRegistry using default registry
32 silly mapToRegistry registry https://registry.npmjs.org/
33 silly mapToRegistry uri https://registry.npmjs.org/node-pathfinder
34 verbose addRemoteTarball https://registry.npmjs.org/node-pathfinder/-/node-pathfinder-0.1.1.tgz not in flight; adding
35 verbose addRemoteTarball [ 'https://registry.npmjs.org/node-pathfinder/-/node-pathfinder-0.1.1.tgz',
35 verbose addRemoteTarball   'da4840ee2fd069c63649827cb8bced689de338ee' ]
36 info retry fetch attempt 1 at 17:50:36
37 info attempt registry request try #1 at 17:50:36
38 http fetch GET https://registry.npmjs.org/node-pathfinder/-/node-pathfinder-0.1.1.tgz
39 http fetch 200 https://registry.npmjs.org/node-pathfinder/-/node-pathfinder-0.1.1.tgz
40 silly fetchAndShaCheck shasum da4840ee2fd069c63649827cb8bced689de338ee
41 verbose addTmpTarball /var/folders/g_/v45pqsrn65xbszd33yvd8lj40000gn/T/npm-83881-cdc46ca5/registry.npmjs.org/node-pathfinder/-/node-pathfinder-0.1.1.tgz not in flight; adding
42 verbose addTmpTarball already have metadata; skipping unpack for node-pathfinder@0.1.1
43 silly cache afterAdd node-pathfinder@0.1.1
44 verbose afterAdd /Users/benjamin/.npm/node-pathfinder/0.1.1/package/package.json not in flight; writing
45 verbose afterAdd /Users/benjamin/.npm/node-pathfinder/0.1.1/package/package.json written
46 silly install resolved [ { name: 'node-pathfinder',
46 silly install resolved     description: 'AStar Pathfinder with JPS',
46 silly install resolved     version: '0.1.1',
46 silly install resolved     author: { name: 'Alaa-eddine KADDOURI' },
46 silly install resolved     keywords:
46 silly install resolved      [ 'AI',
46 silly install resolved        'pathfind',
46 silly install resolved        'pathfinder',
46 silly install resolved        'Artificial',
46 silly install resolved        'Intelligence',
46 silly install resolved        'A*',
46 silly install resolved        'AStar',
46 silly install resolved        'JPS' ],
46 silly install resolved     homepage: 'https://github.com/alaa-eddine/node-pathfinder',
46 silly install resolved     repository:
46 silly install resolved      { type: 'git',
46 silly install resolved        url: 'git://github.com/alaa-eddine/node-pathfinder' },
46 silly install resolved     engines: { node: '>= 0.4.0' },
46 silly install resolved     main: './lib/node-pathfinder.js',
46 silly install resolved     scripts: { install: 'node-gyp rebuild' },
46 silly install resolved     gypfile: true,
46 silly install resolved     readme: 'node-pathfinder\n===============\n\nA native nodejs module implementing A* with JPS path finding algorithm.\n\nA* Algorithm is borrowed from a C implementation by [Ari Rahikkala](https://github.com/arirahikkala) \nI just converted it to C++ and added NodeJS addon interface + node-gyp bindings\n\n\n\n\nSetup \n=====\n\n    npm install node-pathfinder\n\n\n\nusage example\n=============\n\n```js\nvar findpath = require(\'../\').AStarJPS;\n\nvar grid = [];\nfor (var x =0; x<200; x++)\n{\n    if (grid[x] === undefined) grid[x] = [];\n    for (var y=0; y<200; y++)\n    {\n\tif (x >= 2 && x < 130 && y == 3) //making a wall\n\t    grid[x][y] = 1;\n\telse\n\t    grid[x][y] = 0;\n    }\n}\n\n//find path from (5,1) to (5,5)\nvar result = findpath(grid, 5, 1, 5, 5);\n\n//print result\nconsole.log(result);\n```\n\n\n[View Copyright notice of astar-jps C Library](https://github.com/arirahikkala/astar-jps)\n\n\n\nRedistribution and use in source and binary forms, with or without modification, are\npermitted provided that the following conditions are met:\n\n   1. Redistributions of source code must retain the above copyright notice, this list of\n      conditions and the following disclaimer.\n\n   2. Redistributions in binary form must reproduce the above copyright notice, this list\n      of conditions and the following disclaimer in the documentation and/or other materials\n      provided with the distribution.\n\nTHIS SOFTWARE IS PROVIDED BY THE AUTHOR \'\'AS IS\'\' AND ANY EXPRESS OR IMPLIED\nWARRANTIES, INCLUDING, BUT NOT LIMITED TO, THE IMPLIED WARRANTIES OF MERCHANTABILITY AND\nFITNESS FOR A PARTICULAR PURPOSE ARE DISCLAIMED. IN NO EVENT SHALL THE AUTHOR OR\nCONTRIBUTORS BE LIABLE FOR ANY DIRECT, INDIRECT, INCIDENTAL, SPECIAL, EXEMPLARY, OR\nCONSEQUENTIAL DAMAGES (INCLUDING, BUT NOT LIMITED TO, PROCUREMENT OF SUBSTITUTE GOODS OR\nSERVICES; LOSS OF USE, DATA, OR PROFITS; OR BUSINESS INTERRUPTION) HOWEVER CAUSED AND ON\nANY THEORY OF LIABILITY, WHETHER IN CONTRACT, STRICT LIABILITY, OR TORT (INCLUDING\nNEGLIGENCE OR OTHERWISE) ARISING IN ANY WAY OUT OF THE USE OF THIS SOFTWARE, EVEN IF\nADVISED OF THE POSSIBILITY OF SUCH DAMAGE.\n',
46 silly install resolved     _id: 'node-pathfinder@0.1.1',
46 silly install resolved     dist:
46 silly install resolved      { shasum: 'da4840ee2fd069c63649827cb8bced689de338ee',
46 silly install resolved        tarball: 'http://registry.npmjs.org/node-pathfinder/-/node-pathfinder-0.1.1.tgz' },
46 silly install resolved     _npmVersion: '1.1.62',
46 silly install resolved     _npmUser: { name: 'alaa-eddine', email: 'alaa.eddine@gmail.com' },
46 silly install resolved     maintainers: [ [Object] ],
46 silly install resolved     directories: {},
46 silly install resolved     _shasum: 'da4840ee2fd069c63649827cb8bced689de338ee',
46 silly install resolved     _resolved: 'https://registry.npmjs.org/node-pathfinder/-/node-pathfinder-0.1.1.tgz',
46 silly install resolved     _from: 'node-pathfinder@*' } ]
47 info install node-pathfinder@0.1.1 into /Users/benjamin/Desktop/terraria
48 info installOne node-pathfinder@0.1.1
49 verbose installOne of node-pathfinder to /Users/benjamin/Desktop/terraria not in flight; installing
50 verbose lock using /Users/benjamin/.npm/_locks/node-pathfinder-ae15d9265ec4180a.lock for /Users/benjamin/Desktop/terraria/node_modules/node-pathfinder
51 silly install write writing node-pathfinder 0.1.1 to /Users/benjamin/Desktop/terraria/node_modules/node-pathfinder
52 silly cache addNamed cb node-pathfinder@0.1.1
53 verbose unbuild node_modules/node-pathfinder
54 silly gentlyRm /Users/benjamin/Desktop/terraria/node_modules/node-pathfinder is being purged from base /Users/benjamin/Desktop/terraria
55 verbose gentlyRm don't care about contents; nuking /Users/benjamin/Desktop/terraria/node_modules/node-pathfinder
56 verbose tar unpack /Users/benjamin/.npm/node-pathfinder/0.1.1/package.tgz
57 verbose tar unpacking to /Users/benjamin/Desktop/terraria/node_modules/node-pathfinder
58 silly gentlyRm /Users/benjamin/Desktop/terraria/node_modules/node-pathfinder is being purged
59 verbose gentlyRm don't care about contents; nuking /Users/benjamin/Desktop/terraria/node_modules/node-pathfinder
60 silly gunzTarPerm modes [ '755', '644' ]
61 silly gunzTarPerm extractEntry package.json
62 silly gunzTarPerm extractEntry README.md
63 silly gunzTarPerm extractEntry test/findpath.js
64 silly gunzTarPerm extractEntry src/pathfinder.cc
65 silly gunzTarPerm extractEntry src/AStar.cc
66 silly gunzTarPerm extractEntry src/IndexPriorityQueue.cc
67 silly gunzTarPerm extractEntry src/AStar.h
68 silly gunzTarPerm extractEntry src/IndexPriorityQueue.h
69 silly gunzTarPerm extractEntry binding.gyp
70 silly gunzTarPerm extractEntry lib/node-pathfinder.js
71 info preinstall node-pathfinder@0.1.1
72 silly install resolved []
73 verbose about to build /Users/benjamin/Desktop/terraria/node_modules/node-pathfinder
74 info build /Users/benjamin/Desktop/terraria/node_modules/node-pathfinder
75 verbose linkStuff [ false,
75 verbose linkStuff   false,
75 verbose linkStuff   false,
75 verbose linkStuff   '/Users/benjamin/Desktop/terraria/node_modules' ]
76 info linkStuff node-pathfinder@0.1.1
77 verbose linkBins node-pathfinder@0.1.1
78 verbose linkMans node-pathfinder@0.1.1
79 verbose rebuildBundles node-pathfinder@0.1.1
80 info install node-pathfinder@0.1.1
81 verbose unsafe-perm in lifecycle true
82 info node-pathfinder@0.1.1 Failed to exec install script
83 verbose unlock done using /Users/benjamin/.npm/_locks/node-pathfinder-ae15d9265ec4180a.lock for /Users/benjamin/Desktop/terraria/node_modules/node-pathfinder
84 verbose stack Error: node-pathfinder@0.1.1 install: `node-gyp rebuild`
84 verbose stack Exit status 1
84 verbose stack     at EventEmitter.<anonymous> (/usr/local/lib/node_modules/npm/lib/utils/lifecycle.js:213:16)
84 verbose stack     at EventEmitter.emit (events.js:110:17)
84 verbose stack     at ChildProcess.<anonymous> (/usr/local/lib/node_modules/npm/lib/utils/spawn.js:14:12)
84 verbose stack     at ChildProcess.emit (events.js:110:17)
84 verbose stack     at maybeClose (child_process.js:1008:16)
84 verbose stack     at Process.ChildProcess._handle.onexit (child_process.js:1080:5)
85 verbose pkgid node-pathfinder@0.1.1
86 verbose cwd /Users/benjamin/Desktop/terraria
87 error Darwin 14.1.0
88 error argv "node" "/usr/local/bin/npm" "install" "node-pathfinder"
89 error node v0.12.1
90 error npm  v2.7.3
91 error code ELIFECYCLE
92 error node-pathfinder@0.1.1 install: `node-gyp rebuild`
92 error Exit status 1
93 error Failed at the node-pathfinder@0.1.1 install script 'node-gyp rebuild'.
93 error This is most likely a problem with the node-pathfinder package,
93 error not with npm itself.
93 error Tell the author that this fails on your system:
93 error     node-gyp rebuild
93 error You can get their info via:
93 error     npm owner ls node-pathfinder
93 error There is likely additional logging output above.
94 verbose exit [ 1, true ]
95 verbose unbuild node_modules/node-pathfinder
96 info preuninstall node-pathfinder@0.1.1
97 info uninstall node-pathfinder@0.1.1
98 verbose unbuild rmStuff node-pathfinder@0.1.1 from /Users/benjamin/Desktop/terraria/node_modules
99 info postuninstall node-pathfinder@0.1.1
100 silly gentlyRm /Users/benjamin/Desktop/terraria/node_modules/node-pathfinder is being purged from base /Users/benjamin/Desktop/terraria
101 verbose gentlyRm don't care about contents; nuking /Users/benjamin/Desktop/terraria/node_modules/node-pathfinder
102 silly vacuum-fs purging /Users/benjamin/Desktop/terraria/node_modules/node-pathfinder
103 silly vacuum-fs quitting because other entries in /Users/benjamin/Desktop/terraria/node_modules
